<?xml version="1.0" encoding="UTF-8"?>
<!-- Generated by org.testng.reporters.JUnitReportReporter -->
<testsuite hostname="WINDOWS-4TSP307" failures="0" tests="1" name="testCases.TC_001_AccountRegistrationTest" time="5.526" errors="0" timestamp="2023-09-02T01:05:59 IST" skipped="0">
  <testcase classname="testCases.TC_001_AccountRegistrationTest" name="test_account_Registration" time="5.526"/>
  <system-out/>
</testsuite> <!-- testCases.TC_001_AccountRegistrationTest -->
