<?xml version="1.0" encoding="UTF-8"?>
<!-- Generated by org.testng.reporters.JUnitReportReporter -->
<testsuite hostname="WINDOWS-4TSP307" failures="0" tests="1" name="testCases.TC_002_LoginTest" time="4.398" errors="0" timestamp="2023-09-05T21:57:38 IST" skipped="0">
  <testcase classname="testCases.TC_002_LoginTest" name="test_Login" time="4.398"/>
  <system-out/>
</testsuite> <!-- testCases.TC_002_LoginTest -->
